<?xml version="1.0" encoding="UTF-8"?>
<testng-results skipped="0" failed="0" ignored="0" total="3" passed="3">
  <reporter-output>
  </reporter-output>
  <suite name="Suite" duration-ms="85" started-at="2020-04-26T16:33:11 IST" finished-at="2020-04-26T16:33:11 IST">
    <groups>
    </groups>
    <test name="Test" duration-ms="85" started-at="2020-04-26T16:33:11 IST" finished-at="2020-04-26T16:33:11 IST">
      <class name="qaabc.TestAutomationTest">
        <test-method status="PASS" signature="a()[pri:0, instance:qaabc.TestAutomationTest@6895a785]" name="a" duration-ms="0" started-at="2020-04-26T16:33:11 IST" finished-at="2020-04-26T16:33:11 IST">
          <reporter-output>
          </reporter-output>
        </test-method> <!-- a -->
      </class> <!-- qaabc.TestAutomationTest -->
      <class name="qaabc.ApiTestingTest">
        <test-method status="PASS" signature="hello()[pri:0, instance:qaabc.ApiTestingTest@10bbd20a]" name="hello" duration-ms="20" started-at="2020-04-26T16:33:11 IST" finished-at="2020-04-26T16:33:11 IST">
          <reporter-output>
          </reporter-output>
        </test-method> <!-- hello -->
      </class> <!-- qaabc.ApiTestingTest -->
      <class name="qaabc.ManualTestingTest">
        <test-method status="PASS" signature="c()[pri:0, instance:qaabc.ManualTestingTest@48503868]" name="c" duration-ms="0" started-at="2020-04-26T16:33:11 IST" finished-at="2020-04-26T16:33:11 IST">
          <reporter-output>
          </reporter-output>
        </test-method> <!-- c -->
      </class> <!-- qaabc.ManualTestingTest -->
    </test> <!-- Test -->
  </suite> <!-- Suite -->
</testng-results>
