<?xml version="1.0" encoding="UTF-8"?>
<testng-results skipped="0" failed="0" ignored="0" total="1" passed="1">
  <reporter-output>
  </reporter-output>
  <suite name="Suite" duration-ms="47" started-at="2020-04-26T16:45:11 IST" finished-at="2020-04-26T16:45:11 IST">
    <groups>
    </groups>
    <test name="Test" duration-ms="47" started-at="2020-04-26T16:45:11 IST" finished-at="2020-04-26T16:45:11 IST">
      <class name="qaabc.ApiTestingTest">
        <test-method status="PASS" signature="hello()[pri:0, instance:qaabc.ApiTestingTest@49993335]" name="hello" duration-ms="16" started-at="2020-04-26T16:45:11 IST" finished-at="2020-04-26T16:45:11 IST">
          <reporter-output>
          </reporter-output>
        </test-method> <!-- hello -->
      </class> <!-- qaabc.ApiTestingTest -->
    </test> <!-- Test -->
  </suite> <!-- Suite -->
</testng-results>
