<?xml version="1.0" encoding="UTF-8"?>
<testng-results skipped="0" failed="0" ignored="0" total="1" passed="1">
  <reporter-output>
  </reporter-output>
  <suite name="Surefire suite" duration-ms="53" started-at="2020-04-26T15:46:31 IST" finished-at="2020-04-26T15:46:31 IST">
    <groups>
    </groups>
    <test name="Surefire test" duration-ms="53" started-at="2020-04-26T15:46:31 IST" finished-at="2020-04-26T15:46:31 IST">
      <class name="qaabc.AppTest">
        <test-method status="PASS" signature="testApp()" name="testApp" duration-ms="8" started-at="2020-04-26T15:46:31 IST" finished-at="2020-04-26T15:46:31 IST">
          <reporter-output>
          </reporter-output>
        </test-method> <!-- testApp -->
      </class> <!-- qaabc.AppTest -->
    </test> <!-- Surefire test -->
  </suite> <!-- Surefire suite -->
</testng-results>
